-------------------------------------------------------------------------------
Test set: runner.RunnerTest
-------------------------------------------------------------------------------
Tests run: 1, Failures: 0, Errors: 1, Skipped: 0, Time elapsed: 1.040 s <<< FAILURE! -- in runner.RunnerTest
Verificar a elegibilidade do cliente.Cliente com todos os critérios de elegibilidade -- Time elapsed: 0.219 s <<< ERROR!
io.cucumber.junit.UndefinedStepException: 
The step "que o indicador cliente correntista é "S"" is undefined. You can implement it using the snippet(s) below:

@Dado("que o indicador cliente correntista é {string}")
public void que_o_indicador_cliente_correntista_é(String string) {
    // Write code here that turns the phrase above into concrete actions
    throw new io.cucumber.java.PendingException();
}


Some other steps were also undefined:

@Dado("o indicador conta ativa é {string}")
public void o_indicador_conta_ativa_é(String string) {
    // Write code here that turns the phrase above into concrete actions
    throw new io.cucumber.java.PendingException();
}
@Dado("o código tipo produto oferta está entre \\({string}, {string}, {string})")
public void o_código_tipo_produto_oferta_está_entre(String string, String string2, String string3) {
    // Write code here that turns the phrase above into concrete actions
    throw new io.cucumber.java.PendingException();
}
@Dado("o código tipo produto oferta não está entre \\({string}, {string}, {string})")
public void o_código_tipo_produto_oferta_não_está_entre(String string, String string2, String string3) {
    // Write code here that turns the phrase above into concrete actions
    throw new io.cucumber.java.PendingException();
}
@Dado("o código produto origem está entre \\({int}, {int}, {int}, {int}, {int}, {int})")
public void o_código_produto_origem_está_entre(Integer int1, Integer int2, Integer int3, Integer int4, Integer int5, Integer int6) {
    // Write code here that turns the phrase above into concrete actions
    throw new io.cucumber.java.PendingException();
}
@Dado("o código produto origem não está entre \\({int}, {int}, {int}, {int}, {int})")
public void o_código_produto_origem_não_está_entre(Integer int1, Integer int2, Integer int3, Integer int4, Integer int5) {
    // Write code here that turns the phrase above into concrete actions
    throw new io.cucumber.java.PendingException();
}
@Quando("verificamos a elegibilidade do cliente")
public void verificamos_a_elegibilidade_do_cliente() {
    // Write code here that turns the phrase above into concrete actions
    throw new io.cucumber.java.PendingException();
}
@Então("o indicador de elegibilidade do cliente deve ser {string}")
public void o_indicador_de_elegibilidade_do_cliente_deve_ser(String string) {
    // Write code here that turns the phrase above into concrete actions
    throw new io.cucumber.java.PendingException();
}


