<?xml version="1.0" encoding="UTF-8"?>
<testsuite xmlns:xsi="http://www.w3.org/2001/XMLSchema-instance" xsi:noNamespaceSchemaLocation="https://maven.apache.org/surefire/maven-surefire-plugin/xsd/surefire-test-report-3.0.xsd" version="3.0" name="cucumber.runner.RunnerTest" time="2.912" tests="1" errors="0" skipped="0" failures="0">
  <properties>
[...]
</properties>
  <testcase name="Realizar uma requisição GET para verificar a elegibilidade do cliente" classname="Verificar a elegibilidade do cliente" time="2.159">
    <system-out><![CDATA[
CenÃ¡rio: Realizar uma requisiÃ§Ã£o GET para verificar a elegibilidade do cliente &amp#27;[90m# src/test/resources/features/elegibilidade_cliente.feature:4&amp#27;[0m
  &amp#27;[32mDado &amp#27;[0m&amp#27;[32mque eu tenho a URL da API de elegibilidade&amp#27;[0m                              &amp#27;[90m# steps.ElegibilidadeClienteSteps.que_eu_tenho_a_URL_da_API_de_elegibilidade()&amp#27;[0m
  &amp#27;[32mQuando &amp#27;[0m&amp#27;[32meu faÃ§o uma requisiÃ§Ã£o GET para a URL&amp#27;[0m                                 &amp#27;[90m# steps.ElegibilidadeClienteSteps.eu_faÃ§o_uma_requisiÃ§Ã£o_GET_para_a_URL()&amp#27;[0m
  &amp#27;[32mEntÃ£o &amp#27;[0m&amp#27;[32ma resposta deve conter um status code 200&amp#27;[0m                              &amp#27;[90m# steps.ElegibilidadeClienteSteps.a_resposta_deve_conter_um_status_code_200()&amp#27;[0m
]]></system-out>
  </testcase>
</testsuite>