<?xml version="1.0" encoding="UTF-8"?>
<testsuite xmlns:xsi="http://www.w3.org/2001/XMLSchema-instance" xsi:noNamespaceSchemaLocation="https://maven.apache.org/surefire/maven-surefire-plugin/xsd/surefire-test-report-3.0.xsd" version="3.0" name="runner.RunnerTest" time="1.04" tests="1" errors="1" skipped="0" failures="0">
  <properties>
[...]
</properties>
  <testcase name="Cliente com todos os critérios de elegibilidade" classname="Verificar a elegibilidade do cliente" time="0.219">
    <error message="The step &quot;que o indicador cliente correntista é &quot;S&quot;&quot; is undefined. You can implement it using the snippet(s) below:&#10;&#10;@Dado(&quot;que o indicador cliente correntista é {string}&quot;)&#10;public void que_o_indicador_cliente_correntista_é(String string) {&#10;    // Write code here that turns the phrase above into concrete actions&#10;    throw new io.cucumber.java.PendingException();&#10;}&#10;&#10;&#10;Some other steps were also undefined:&#10;&#10;@Dado(&quot;o indicador conta ativa é {string}&quot;)&#10;public void o_indicador_conta_ativa_é(String string) {&#10;    // Write code here that turns the phrase above into concrete actions&#10;    throw new io.cucumber.java.PendingException();&#10;}&#10;@Dado(&quot;o código tipo produto oferta está entre \\({string}, {string}, {string})&quot;)&#10;public void o_código_tipo_produto_oferta_está_entre(String string, String string2, String string3) {&#10;    // Write code here that turns the phrase above into concrete actions&#10;    throw new io.cucumber.java.PendingException();&#10;}&#10;@Dado(&quot;o código tipo produto oferta não está entre \\({string}, {string}, {string})&quot;)&#10;public void o_código_tipo_produto_oferta_não_está_entre(String string, String string2, String string3) {&#10;    // Write code here that turns the phrase above into concrete actions&#10;    throw new io.cucumber.java.PendingException();&#10;}&#10;@Dado(&quot;o código produto origem está entre \\({int}, {int}, {int}, {int}, {int}, {int})&quot;)&#10;public void o_código_produto_origem_está_entre(Integer int1, Integer int2, Integer int3, Integer int4, Integer int5, Integer int6) {&#10;    // Write code here that turns the phrase above into concrete actions&#10;    throw new io.cucumber.java.PendingException();&#10;}&#10;@Dado(&quot;o código produto origem não está entre \\({int}, {int}, {int}, {int}, {int})&quot;)&#10;public void o_código_produto_origem_não_está_entre(Integer int1, Integer int2, Integer int3, Integer int4, Integer int5) {&#10;    // Write code here that turns the phrase above into concrete actions&#10;    throw new io.cucumber.java.PendingException();&#10;}&#10;@Quando(&quot;verificamos a elegibilidade do cliente&quot;)&#10;public void verificamos_a_elegibilidade_do_cliente() {&#10;    // Write code here that turns the phrase above into concrete actions&#10;    throw new io.cucumber.java.PendingException();&#10;}&#10;@Então(&quot;o indicador de elegibilidade do cliente deve ser {string}&quot;)&#10;public void o_indicador_de_elegibilidade_do_cliente_deve_ser(String string) {&#10;    // Write code here that turns the phrase above into concrete actions&#10;    throw new io.cucumber.java.PendingException();&#10;}&#10;" type="io.cucumber.junit.UndefinedStepException"><![CDATA[io.cucumber.junit.UndefinedStepException: 
The step "que o indicador cliente correntista é "S"" is undefined. You can implement it using the snippet(s) below:

@Dado("que o indicador cliente correntista é {string}")
public void que_o_indicador_cliente_correntista_é(String string) {
    // Write code here that turns the phrase above into concrete actions
    throw new io.cucumber.java.PendingException();
}


Some other steps were also undefined:

@Dado("o indicador conta ativa é {string}")
public void o_indicador_conta_ativa_é(String string) {
    // Write code here that turns the phrase above into concrete actions
    throw new io.cucumber.java.PendingException();
}
@Dado("o código tipo produto oferta está entre \\({string}, {string}, {string})")
public void o_código_tipo_produto_oferta_está_entre(String string, String string2, String string3) {
    // Write code here that turns the phrase above into concrete actions
    throw new io.cucumber.java.PendingException();
}
@Dado("o código tipo produto oferta não está entre \\({string}, {string}, {string})")
public void o_código_tipo_produto_oferta_não_está_entre(String string, String string2, String string3) {
    // Write code here that turns the phrase above into concrete actions
    throw new io.cucumber.java.PendingException();
}
@Dado("o código produto origem está entre \\({int}, {int}, {int}, {int}, {int}, {int})")
public void o_código_produto_origem_está_entre(Integer int1, Integer int2, Integer int3, Integer int4, Integer int5, Integer int6) {
    // Write code here that turns the phrase above into concrete actions
    throw new io.cucumber.java.PendingException();
}
@Dado("o código produto origem não está entre \\({int}, {int}, {int}, {int}, {int})")
public void o_código_produto_origem_não_está_entre(Integer int1, Integer int2, Integer int3, Integer int4, Integer int5) {
    // Write code here that turns the phrase above into concrete actions
    throw new io.cucumber.java.PendingException();
}
@Quando("verificamos a elegibilidade do cliente")
public void verificamos_a_elegibilidade_do_cliente() {
    // Write code here that turns the phrase above into concrete actions
    throw new io.cucumber.java.PendingException();
}
@Então("o indicador de elegibilidade do cliente deve ser {string}")
public void o_indicador_de_elegibilidade_do_cliente_deve_ser(String string) {
    // Write code here that turns the phrase above into concrete actions
    throw new io.cucumber.java.PendingException();
}

]]></error>
    <system-out><![CDATA[
CenÃ¡rio: Cliente com todos os critÃ©rios de elegibilidade                    &amp#27;[90m# src/test/resources/features/elegibilidade_cliente.feature:4&amp#27;[0m
  &amp#27;[33mDado &amp#27;[0m&amp#27;[33mque o indicador cliente correntista Ã© "S"&amp#27;[0m                            &amp#27;[90m# null&amp#27;[0m
  &amp#27;[36mE &amp#27;[0m&amp#27;[36mo indicador conta ativa Ã© "S"&amp#27;[0m                                           &amp#27;[90m# null&amp#27;[0m
  &amp#27;[36mE &amp#27;[0m&amp#27;[36mo cÃ³digo tipo produto oferta estÃ¡ entre ("AB", "CB", "DC")&amp#27;[0m              &amp#27;[90m# null&amp#27;[0m
  &amp#27;[36mE &amp#27;[0m&amp#27;[36mo cÃ³digo tipo produto oferta nÃ£o estÃ¡ entre ("CC", "CD", "AC")&amp#27;[0m          &amp#27;[90m# null&amp#27;[0m
  &amp#27;[36mE &amp#27;[0m&amp#27;[36mo cÃ³digo produto origem estÃ¡ entre (1234, 5678, 7722, 5564, 2286, 5561)&amp#27;[0m &amp#27;[90m# null&amp#27;[0m
  &amp#27;[36mE &amp#27;[0m&amp#27;[36mo cÃ³digo produto origem nÃ£o estÃ¡ entre (5555, 7777, 8888, 9999, 1010)&amp#27;[0m   &amp#27;[90m# null&amp#27;[0m
  &amp#27;[36mQuando &amp#27;[0m&amp#27;[36mverificamos a elegibilidade do cliente&amp#27;[0m                             &amp#27;[90m# null&amp#27;[0m
  &amp#27;[36mEntÃ£o &amp#27;[0m&amp#27;[36mo indicador de elegibilidade do cliente deve ser "ElegÃ­vel"&amp#27;[0m         &amp#27;[90m# null&amp#27;[0m
]]></system-out>
  </testcase>
</testsuite>